<?xml version="1.0" encoding="UTF-8"?>
<!-- Generated by org.testng.reporters.JUnitReportReporter -->
<testsuite hostname="DESKTOP-NVASJSB" failures="0" tests="4" name="testngpro.secclass" time="0.019" errors="0" timestamp="2021-06-30T20:50:37 IST" skipped="0">
  <testcase classname="testngpro.secclass" name="third" time="0.002"/>
  <system-out/>
  <testcase classname="testngpro.secclass" name="fourth" time="0.002"/>
  <system-out/>
  <testcase classname="testngpro.secclass" name="first" time="0.013"/>
  <system-out/>
  <testcase classname="testngpro.secclass" name="second" time="0.002"/>
  <system-out/>
</testsuite> <!-- testngpro.secclass -->
