<?xml version="1.0" encoding="UTF-8"?>
<!-- Generated by org.testng.reporters.JUnitReportReporter -->
<testsuite hostname="DESKTOP-NVASJSB" failures="0" tests="1" name="testngpro.crtun" time="0.009" errors="0" timestamp="2021-06-30T21:54:16 IST" skipped="0">
  <testcase classname="testngpro.crtun" name="correctuser" time="0.009"/>
  <system-out/>
</testsuite> <!-- testngpro.crtun -->
